<?xml version="1.0" encoding="UTF-8"?>
<testng-results ignored="0" total="1" passed="1" failed="0" skipped="0">
  <reporter-output>
  </reporter-output>
  <suite started-at="2025-01-16T14:41:54 IST" name="Basic_TestNG suite" finished-at="2025-01-16T14:42:02 IST" duration-ms="7242">
    <groups>
    </groups>
    <test started-at="2025-01-16T14:41:54 IST" name="Test1" finished-at="2025-01-16T14:42:02 IST" duration-ms="7242">
      <class name="SeleniumWithJava.Basic_TestNG">
        <test-method signature="launchBrowser(java.lang.String)[pri:0, instance:SeleniumWithJava.Basic_TestNG@563f38c4]" started-at="2025-01-16T14:41:54 IST" name="launchBrowser" finished-at="2025-01-16T14:42:02 IST" duration-ms="7152" status="PASS">
          <params>
            <param index="0">
              <value>
                <![CDATA[Hello Reshma]]>
              </value>
            </param>
          </params>
          <reporter-output>
          </reporter-output>
        </test-method> <!-- launchBrowser -->
      </class> <!-- SeleniumWithJava.Basic_TestNG -->
    </test> <!-- Test1 -->
  </suite> <!-- Basic_TestNG suite -->
</testng-results>
